{
  "stats": {
    "suites": 3,
    "tests": 10,
    "passes": 10,
    "pending": 1,
    "failures": -1,
    "start": "2024-03-30T04:15:11.816Z",
    "end": "2024-03-30T04:15:44.609Z",
    "duration": 32793,
    "testsRegistered": 11,
    "passPercent": 100,
    "pendingPercent": 9.090909090909092,
    "other": 1,
    "hasOther": true,
    "skipped": 0,
    "hasSkipped": false
  },
  "results": [
    {
      "uuid": "989e6b9a-33fe-4389-9b94-3cd2012a5561",
      "title": "",
      "fullFile": "cypress\\e2e\\allSpec.cy.js",
      "file": "cypress\\e2e\\allSpec.cy.js",
      "beforeHooks": [],
      "afterHooks": [],
      "tests": [],
      "suites": [
        {
          "uuid": "dd9854de-13ef-4d39-a117-180d0673b12a",
          "title": "Automating Selenium Demo Site",
          "fullFile": "",
          "file": "",
          "beforeHooks": [],
          "afterHooks": [],
          "tests": [
            {
              "title": "user can view web pages",
              "fullTitle": "Automating Selenium Demo Site user can view web pages",
              "timedOut": null,
              "duration": 5950,
              "state": "passed",
              "speed": "medium",
              "pass": true,
              "fail": false,
              "pending": false,
              "context": null,
              "code": "cy.get(el.siteImage).should(\"be.visible\");",
              "err": {},
              "uuid": "d0161679-3bf4-45a2-a6e9-a99ac3c0315b",
              "parentUUID": "dd9854de-13ef-4d39-a117-180d0673b12a",
              "isHook": false,
              "skipped": false
            },
            {
              "title": "user can click on input form draw down button",
              "fullTitle": "Automating Selenium Demo Site user can click on input form draw down button",
              "timedOut": null,
              "duration": 166,
              "state": "passed",
              "speed": "fast",
              "pass": true,
              "fail": false,
              "pending": false,
              "context": null,
              "code": "cy.get(el.inputFormdDropDownButton).click();",
              "err": {},
              "uuid": "a080d546-94bc-4414-95ea-adc74b07fe24",
              "parentUUID": "dd9854de-13ef-4d39-a117-180d0673b12a",
              "isHook": false,
              "skipped": false
            },
            {
              "title": "user can view simple form demo button and click on it",
              "fullTitle": "Automating Selenium Demo Site user can view simple form demo button and click on it",
              "timedOut": null,
              "duration": 809,
              "state": "passed",
              "speed": "fast",
              "pass": true,
              "fail": false,
              "pending": false,
              "context": null,
              "code": "cy.get(el.simpleFormDemoButton).click();",
              "err": {},
              "uuid": "67558181-35c1-44c7-b0db-538713fc2d86",
              "parentUUID": "dd9854de-13ef-4d39-a117-180d0673b12a",
              "isHook": false,
              "skipped": false
            },
            {
              "title": "user type on the message field",
              "fullTitle": "Automating Selenium Demo Site user type on the message field",
              "timedOut": null,
              "duration": 633,
              "state": "passed",
              "speed": "fast",
              "pass": true,
              "fail": false,
              "pending": false,
              "context": null,
              "code": "cy.get(el.messageField).type(el.message);",
              "err": {},
              "uuid": "9868d580-a2e3-40ad-823a-793ab7c910f4",
              "parentUUID": "dd9854de-13ef-4d39-a117-180d0673b12a",
              "isHook": false,
              "skipped": false
            },
            {
              "title": "user can click on show message button to view message",
              "fullTitle": "Automating Selenium Demo Site user can click on show message button to view message",
              "timedOut": null,
              "duration": 141,
              "state": "passed",
              "speed": "fast",
              "pass": true,
              "fail": false,
              "pending": false,
              "context": null,
              "code": "cy.get(el.showMessage).click();",
              "err": {},
              "uuid": "0d124613-0e03-4d1f-bdc3-1071c7038224",
              "parentUUID": "dd9854de-13ef-4d39-a117-180d0673b12a",
              "isHook": false,
              "skipped": false
            },
            {
              "title": "if user can input on value A field",
              "fullTitle": "Automating Selenium Demo Site if user can input on value A field",
              "timedOut": null,
              "duration": 68,
              "state": "passed",
              "speed": "fast",
              "pass": true,
              "fail": false,
              "pending": false,
              "context": null,
              "code": "cy.get(el.value1Field).scrollIntoView().fill(3);",
              "err": {},
              "uuid": "1c52be28-59fc-495e-9d59-01fe678d5404",
              "parentUUID": "dd9854de-13ef-4d39-a117-180d0673b12a",
              "isHook": false,
              "skipped": false
            },
            {
              "title": "if user can input on value B field",
              "fullTitle": "Automating Selenium Demo Site if user can input on value B field",
              "timedOut": null,
              "duration": 37,
              "state": "passed",
              "speed": "fast",
              "pass": true,
              "fail": false,
              "pending": false,
              "context": null,
              "code": "cy.get(el.value2Field).scrollIntoView().fill(6);",
              "err": {},
              "uuid": "fa4d4e1c-4a02-4685-8522-d2bd700f6d66",
              "parentUUID": "dd9854de-13ef-4d39-a117-180d0673b12a",
              "isHook": false,
              "skipped": false
            },
            {
              "title": "User can  CLICK ON GET TOTAL buttond",
              "fullTitle": "Automating Selenium Demo Site User can  CLICK ON GET TOTAL buttond",
              "timedOut": null,
              "duration": 132,
              "state": "passed",
              "speed": "fast",
              "pass": true,
              "fail": false,
              "pending": false,
              "context": null,
              "code": "cy.get(el.getTotalButton).click();",
              "err": {},
              "uuid": "f5351314-9789-46b7-b7b6-57305db15bf6",
              "parentUUID": "dd9854de-13ef-4d39-a117-180d0673b12a",
              "isHook": false,
              "skipped": false
            }
          ],
          "suites": [],
          "passes": [
            "d0161679-3bf4-45a2-a6e9-a99ac3c0315b",
            "a080d546-94bc-4414-95ea-adc74b07fe24",
            "67558181-35c1-44c7-b0db-538713fc2d86",
            "9868d580-a2e3-40ad-823a-793ab7c910f4",
            "0d124613-0e03-4d1f-bdc3-1071c7038224",
            "1c52be28-59fc-495e-9d59-01fe678d5404",
            "fa4d4e1c-4a02-4685-8522-d2bd700f6d66",
            "f5351314-9789-46b7-b7b6-57305db15bf6"
          ],
          "failures": [],
          "pending": [],
          "skipped": [],
          "duration": 7936,
          "root": false,
          "rootEmpty": false,
          "_timeout": 2000
        },
        {
          "uuid": "d9cd5e3b-e6db-4e61-a9d4-b492bc8a25c9",
          "title": "creating custom login commands",
          "fullFile": "",
          "file": "",
          "beforeHooks": [],
          "afterHooks": [],
          "tests": [
            {
              "title": "if user can login successfully",
              "fullTitle": "creating custom login commands if user can login successfully",
              "timedOut": null,
              "duration": 0,
              "state": "pending",
              "speed": null,
              "pass": false,
              "fail": false,
              "pending": true,
              "context": null,
              "code": "//  cy.login()  //login 1el.\ncy.login2(el.username, el.password);",
              "err": {},
              "uuid": "140fb0b7-844d-44ac-9d48-67c03e630239",
              "parentUUID": "d9cd5e3b-e6db-4e61-a9d4-b492bc8a25c9",
              "isHook": false,
              "skipped": false
            },
            {
              "title": "user can login using reusable functions",
              "fullTitle": "creating custom login commands user can login using reusable functions",
              "timedOut": null,
              "duration": 139,
              "state": "passed",
              "speed": "fast",
              "pass": true,
              "fail": false,
              "pending": false,
              "context": null,
              "code": "cy.tyAssert(\"command\", el.usernameField, el.username);\ncy.tyAssert(\"command\", el.passwordField, el.password).fill;\ncy.pressDown(\"command\", el.loginButton);",
              "err": {},
              "uuid": "37a3b57f-1605-4d6b-83cf-b0c81898200f",
              "parentUUID": "d9cd5e3b-e6db-4e61-a9d4-b492bc8a25c9",
              "isHook": false,
              "skipped": false
            }
          ],
          "suites": [],
          "passes": [
            "37a3b57f-1605-4d6b-83cf-b0c81898200f"
          ],
          "failures": [],
          "pending": [
            "140fb0b7-844d-44ac-9d48-67c03e630239"
          ],
          "skipped": [],
          "duration": 139,
          "root": false,
          "rootEmpty": false,
          "_timeout": 2000
        },
        {
          "uuid": "601c5d62-fab0-484c-8016-14d4d27b1421",
          "title": "Upload Dcoumnet",
          "fullFile": "",
          "file": "",
          "beforeHooks": [],
          "afterHooks": [],
          "tests": [
            {
              "title": "user can upload document",
              "fullTitle": "Upload Dcoumnet user can upload document",
              "timedOut": null,
              "duration": 5128,
              "state": "passed",
              "speed": "medium",
              "pass": true,
              "fail": false,
              "pending": false,
              "context": null,
              "code": "//   cy.get(el.chooseFileButton).attachFile(\"testify.png\") ///uplaod method\ncy.xpath(\"/html/body/div[2]/div/div[1]/form/input[1]\"); ///uplaod method\ncy.get(el.uploadButton).click();",
              "err": {},
              "uuid": "1ecc8698-d17b-44d1-91ed-0775c0909f8e",
              "parentUUID": "601c5d62-fab0-484c-8016-14d4d27b1421",
              "isHook": false,
              "skipped": false
            }
          ],
          "suites": [],
          "passes": [
            "1ecc8698-d17b-44d1-91ed-0775c0909f8e"
          ],
          "failures": [],
          "pending": [],
          "skipped": [],
          "duration": 5128,
          "root": false,
          "rootEmpty": false,
          "_timeout": 2000
        }
      ],
      "passes": [],
      "failures": [],
      "pending": [],
      "skipped": [],
      "duration": 0,
      "root": true,
      "rootEmpty": true,
      "_timeout": 2000
    }
  ],
  "meta": {
    "mocha": {
      "version": "7.0.1"
    },
    "mochawesome": {
      "options": {
        "quiet": false,
        "reportFilename": "mochawesome",
        "saveHtml": true,
        "saveJson": true,
        "consoleReporter": "spec",
        "useInlineDiffs": false,
        "code": true
      },
      "version": "7.1.3"
    },
    "marge": {
      "options": null,
      "version": "6.2.0"
    }
  }
}