{
  "stats": {
    "suites": 3,
    "tests": 10,
    "passes": 10,
    "pending": 1,
    "failures": -1,
    "start": "2024-03-31T21:20:56.733Z",
    "end": "2024-03-31T21:21:56.245Z",
    "duration": 59512,
    "testsRegistered": 11,
    "passPercent": 100,
    "pendingPercent": 9.090909090909092,
    "other": 1,
    "hasOther": true,
    "skipped": 0,
    "hasSkipped": false
  },
  "results": [
    {
      "uuid": "67ee469b-9f1b-4eee-a090-c02c544c1c56",
      "title": "",
      "fullFile": "cypress\\e2e\\allSpec.cy.js",
      "file": "cypress\\e2e\\allSpec.cy.js",
      "beforeHooks": [],
      "afterHooks": [],
      "tests": [],
      "suites": [
        {
          "uuid": "57672cde-c37e-4dc5-90c7-75def75ee721",
          "title": "Automating Selenium Demo Site",
          "fullFile": "",
          "file": "",
          "beforeHooks": [],
          "afterHooks": [],
          "tests": [
            {
              "title": "user can view web pages",
              "fullTitle": "Automating Selenium Demo Site user can view web pages",
              "timedOut": null,
              "duration": 19907,
              "state": "passed",
              "speed": "slow",
              "pass": true,
              "fail": false,
              "pending": false,
              "context": null,
              "code": "cy.get(el.siteImage).should(\"be.visible\");",
              "err": {},
              "uuid": "a4204bfa-c5be-410e-8447-97b20d91c994",
              "parentUUID": "57672cde-c37e-4dc5-90c7-75def75ee721",
              "isHook": false,
              "skipped": false
            },
            {
              "title": "user can click on input form draw down button",
              "fullTitle": "Automating Selenium Demo Site user can click on input form draw down button",
              "timedOut": null,
              "duration": 198,
              "state": "passed",
              "speed": "fast",
              "pass": true,
              "fail": false,
              "pending": false,
              "context": null,
              "code": "cy.get(el.inputFormdDropDownButton).click();",
              "err": {},
              "uuid": "d975f36a-7903-43b1-b279-cd2efb7952d3",
              "parentUUID": "57672cde-c37e-4dc5-90c7-75def75ee721",
              "isHook": false,
              "skipped": false
            },
            {
              "title": "user can view simple form demo button and click on it",
              "fullTitle": "Automating Selenium Demo Site user can view simple form demo button and click on it",
              "timedOut": null,
              "duration": 2640,
              "state": "passed",
              "speed": "fast",
              "pass": true,
              "fail": false,
              "pending": false,
              "context": null,
              "code": "cy.get(el.simpleFormDemoButton).click();",
              "err": {},
              "uuid": "5d225628-a3c0-4f8d-8326-b73dff724e3d",
              "parentUUID": "57672cde-c37e-4dc5-90c7-75def75ee721",
              "isHook": false,
              "skipped": false
            },
            {
              "title": "user type on the message field",
              "fullTitle": "Automating Selenium Demo Site user type on the message field",
              "timedOut": null,
              "duration": 1093,
              "state": "passed",
              "speed": "fast",
              "pass": true,
              "fail": false,
              "pending": false,
              "context": null,
              "code": "cy.get(el.messageField).type(el.message);",
              "err": {},
              "uuid": "9f814ed0-663d-4711-9340-b62da1dcd2e8",
              "parentUUID": "57672cde-c37e-4dc5-90c7-75def75ee721",
              "isHook": false,
              "skipped": false
            },
            {
              "title": "user can click on show message button to view message",
              "fullTitle": "Automating Selenium Demo Site user can click on show message button to view message",
              "timedOut": null,
              "duration": 153,
              "state": "passed",
              "speed": "fast",
              "pass": true,
              "fail": false,
              "pending": false,
              "context": null,
              "code": "cy.get(el.showMessage).click();",
              "err": {},
              "uuid": "19adde6c-5354-481a-8eaf-8ccdcaf54e8a",
              "parentUUID": "57672cde-c37e-4dc5-90c7-75def75ee721",
              "isHook": false,
              "skipped": false
            },
            {
              "title": "if user can input on value A field",
              "fullTitle": "Automating Selenium Demo Site if user can input on value A field",
              "timedOut": null,
              "duration": 73,
              "state": "passed",
              "speed": "fast",
              "pass": true,
              "fail": false,
              "pending": false,
              "context": null,
              "code": "cy.get(el.value1Field).scrollIntoView().fill(3);",
              "err": {},
              "uuid": "3087565b-121a-4506-88ec-a335ecec7d89",
              "parentUUID": "57672cde-c37e-4dc5-90c7-75def75ee721",
              "isHook": false,
              "skipped": false
            },
            {
              "title": "if user can input on value B field",
              "fullTitle": "Automating Selenium Demo Site if user can input on value B field",
              "timedOut": null,
              "duration": 1225,
              "state": "passed",
              "speed": "fast",
              "pass": true,
              "fail": false,
              "pending": false,
              "context": null,
              "code": "cy.get(el.value2Field).scrollIntoView().fill(6);",
              "err": {},
              "uuid": "c7c37f47-4528-4fda-92c7-191da6f5ed45",
              "parentUUID": "57672cde-c37e-4dc5-90c7-75def75ee721",
              "isHook": false,
              "skipped": false
            },
            {
              "title": "User can  CLICK ON GET TOTAL buttond",
              "fullTitle": "Automating Selenium Demo Site User can  CLICK ON GET TOTAL buttond",
              "timedOut": null,
              "duration": 198,
              "state": "passed",
              "speed": "fast",
              "pass": true,
              "fail": false,
              "pending": false,
              "context": null,
              "code": "cy.get(el.getTotalButton).click();",
              "err": {},
              "uuid": "0b4ef9db-0dbd-468a-b79a-1d468be34500",
              "parentUUID": "57672cde-c37e-4dc5-90c7-75def75ee721",
              "isHook": false,
              "skipped": false
            }
          ],
          "suites": [],
          "passes": [
            "a4204bfa-c5be-410e-8447-97b20d91c994",
            "d975f36a-7903-43b1-b279-cd2efb7952d3",
            "5d225628-a3c0-4f8d-8326-b73dff724e3d",
            "9f814ed0-663d-4711-9340-b62da1dcd2e8",
            "19adde6c-5354-481a-8eaf-8ccdcaf54e8a",
            "3087565b-121a-4506-88ec-a335ecec7d89",
            "c7c37f47-4528-4fda-92c7-191da6f5ed45",
            "0b4ef9db-0dbd-468a-b79a-1d468be34500"
          ],
          "failures": [],
          "pending": [],
          "skipped": [],
          "duration": 25487,
          "root": false,
          "rootEmpty": false,
          "_timeout": 2000
        },
        {
          "uuid": "9c79e37b-8833-4487-b14a-48e20b82ec9f",
          "title": "creating custom login commands",
          "fullFile": "",
          "file": "",
          "beforeHooks": [],
          "afterHooks": [],
          "tests": [
            {
              "title": "if user can login successfully",
              "fullTitle": "creating custom login commands if user can login successfully",
              "timedOut": null,
              "duration": 0,
              "state": "pending",
              "speed": null,
              "pass": false,
              "fail": false,
              "pending": true,
              "context": null,
              "code": "//  cy.login()  //login 1el.\ncy.login2(el.username, el.password);",
              "err": {},
              "uuid": "634addb4-44eb-4c2b-a3fe-b842ec7b722a",
              "parentUUID": "9c79e37b-8833-4487-b14a-48e20b82ec9f",
              "isHook": false,
              "skipped": false
            },
            {
              "title": "user can login using reusable functions",
              "fullTitle": "creating custom login commands user can login using reusable functions",
              "timedOut": null,
              "duration": 246,
              "state": "passed",
              "speed": "fast",
              "pass": true,
              "fail": false,
              "pending": false,
              "context": null,
              "code": "cy.tyAssert(\"command\", el.usernameField, el.username);\ncy.tyAssert(\"command\", el.passwordField, el.password).fill;\ncy.pressDown(\"command\", el.loginButton);",
              "err": {},
              "uuid": "26cc455a-4c86-4af4-88fe-132d99ca2ea0",
              "parentUUID": "9c79e37b-8833-4487-b14a-48e20b82ec9f",
              "isHook": false,
              "skipped": false
            }
          ],
          "suites": [],
          "passes": [
            "26cc455a-4c86-4af4-88fe-132d99ca2ea0"
          ],
          "failures": [],
          "pending": [
            "634addb4-44eb-4c2b-a3fe-b842ec7b722a"
          ],
          "skipped": [],
          "duration": 246,
          "root": false,
          "rootEmpty": false,
          "_timeout": 2000
        },
        {
          "uuid": "9fb51102-22b4-4de6-bf09-08aed07b1dc6",
          "title": "Upload Dcoumnet",
          "fullFile": "",
          "file": "",
          "beforeHooks": [],
          "afterHooks": [],
          "tests": [
            {
              "title": "user can upload document",
              "fullTitle": "Upload Dcoumnet user can upload document",
              "timedOut": null,
              "duration": 8691,
              "state": "passed",
              "speed": "medium",
              "pass": true,
              "fail": false,
              "pending": false,
              "context": null,
              "code": "//   cy.get(el.chooseFileButton).attachFile(\"testify.png\") ///uplaod method\ncy.xpath(\"/html/body/div[2]/div/div[1]/form/input[1]\"); ///uplaod method\ncy.get(el.uploadButton).click();",
              "err": {},
              "uuid": "9a526628-f134-4302-a742-0507eab61a57",
              "parentUUID": "9fb51102-22b4-4de6-bf09-08aed07b1dc6",
              "isHook": false,
              "skipped": false
            }
          ],
          "suites": [],
          "passes": [
            "9a526628-f134-4302-a742-0507eab61a57"
          ],
          "failures": [],
          "pending": [],
          "skipped": [],
          "duration": 8691,
          "root": false,
          "rootEmpty": false,
          "_timeout": 2000
        }
      ],
      "passes": [],
      "failures": [],
      "pending": [],
      "skipped": [],
      "duration": 0,
      "root": true,
      "rootEmpty": true,
      "_timeout": 2000
    }
  ],
  "meta": {
    "mocha": {
      "version": "7.0.1"
    },
    "mochawesome": {
      "options": {
        "quiet": false,
        "reportFilename": "mochawesome",
        "saveHtml": true,
        "saveJson": true,
        "consoleReporter": "spec",
        "useInlineDiffs": false,
        "code": true
      },
      "version": "7.1.3"
    },
    "marge": {
      "options": null,
      "version": "6.2.0"
    }
  }
}