{
  "stats": {
    "suites": 3,
    "tests": 10,
    "passes": 10,
    "pending": 1,
    "failures": -1,
    "start": "2024-04-01T19:59:24.145Z",
    "end": "2024-04-01T20:01:11.913Z",
    "duration": 107768,
    "testsRegistered": 11,
    "passPercent": 100,
    "pendingPercent": 9.090909090909092,
    "other": 1,
    "hasOther": true,
    "skipped": 0,
    "hasSkipped": false
  },
  "results": [
    {
      "uuid": "0a9e4276-34de-4ce0-9ace-97092000d678",
      "title": "",
      "fullFile": "cypress\\e2e\\allSpec.cy.js",
      "file": "cypress\\e2e\\allSpec.cy.js",
      "beforeHooks": [],
      "afterHooks": [],
      "tests": [],
      "suites": [
        {
          "uuid": "70b1091d-5e83-4af8-b0d3-3d11abf2da8f",
          "title": "Automating Selenium Demo Site",
          "fullFile": "",
          "file": "",
          "beforeHooks": [],
          "afterHooks": [],
          "tests": [
            {
              "title": "user can view web pages",
              "fullTitle": "Automating Selenium Demo Site user can view web pages",
              "timedOut": null,
              "duration": 26643,
              "state": "passed",
              "speed": "slow",
              "pass": true,
              "fail": false,
              "pending": false,
              "context": null,
              "code": "cy.get(el.siteImage).should(\"be.visible\");",
              "err": {},
              "uuid": "5aecc40e-6297-45e9-a54c-3dd557680501",
              "parentUUID": "70b1091d-5e83-4af8-b0d3-3d11abf2da8f",
              "isHook": false,
              "skipped": false
            },
            {
              "title": "user can click on input form draw down button",
              "fullTitle": "Automating Selenium Demo Site user can click on input form draw down button",
              "timedOut": null,
              "duration": 128,
              "state": "passed",
              "speed": "fast",
              "pass": true,
              "fail": false,
              "pending": false,
              "context": null,
              "code": "cy.get(el.inputFormdDropDownButton).click();",
              "err": {},
              "uuid": "428a66b0-1c08-458f-9e53-a40cb8e0b081",
              "parentUUID": "70b1091d-5e83-4af8-b0d3-3d11abf2da8f",
              "isHook": false,
              "skipped": false
            },
            {
              "title": "user can view simple form demo button and click on it",
              "fullTitle": "Automating Selenium Demo Site user can view simple form demo button and click on it",
              "timedOut": null,
              "duration": 53866,
              "state": "passed",
              "speed": "slow",
              "pass": true,
              "fail": false,
              "pending": false,
              "context": null,
              "code": "cy.get(el.simpleFormDemoButton).click();",
              "err": {},
              "uuid": "83181fd0-b4be-4b80-9407-0991959757a4",
              "parentUUID": "70b1091d-5e83-4af8-b0d3-3d11abf2da8f",
              "isHook": false,
              "skipped": false
            },
            {
              "title": "user type on the message field",
              "fullTitle": "Automating Selenium Demo Site user type on the message field",
              "timedOut": null,
              "duration": 602,
              "state": "passed",
              "speed": "fast",
              "pass": true,
              "fail": false,
              "pending": false,
              "context": null,
              "code": "cy.get(el.messageField).type(el.message);",
              "err": {},
              "uuid": "a831e04b-2768-43ee-a22f-5b27c1fca2e1",
              "parentUUID": "70b1091d-5e83-4af8-b0d3-3d11abf2da8f",
              "isHook": false,
              "skipped": false
            },
            {
              "title": "user can click on show message button to view message",
              "fullTitle": "Automating Selenium Demo Site user can click on show message button to view message",
              "timedOut": null,
              "duration": 132,
              "state": "passed",
              "speed": "fast",
              "pass": true,
              "fail": false,
              "pending": false,
              "context": null,
              "code": "cy.get(el.showMessage).click();",
              "err": {},
              "uuid": "1f3f8020-f21e-4f20-94d8-7480f6f2078e",
              "parentUUID": "70b1091d-5e83-4af8-b0d3-3d11abf2da8f",
              "isHook": false,
              "skipped": false
            },
            {
              "title": "if user can input on value A field",
              "fullTitle": "Automating Selenium Demo Site if user can input on value A field",
              "timedOut": null,
              "duration": 56,
              "state": "passed",
              "speed": "fast",
              "pass": true,
              "fail": false,
              "pending": false,
              "context": null,
              "code": "cy.get(el.value1Field).scrollIntoView().fill(3);",
              "err": {},
              "uuid": "db3de69a-2dbd-4abb-8e4e-e6e52d210d49",
              "parentUUID": "70b1091d-5e83-4af8-b0d3-3d11abf2da8f",
              "isHook": false,
              "skipped": false
            },
            {
              "title": "if user can input on value B field",
              "fullTitle": "Automating Selenium Demo Site if user can input on value B field",
              "timedOut": null,
              "duration": 46,
              "state": "passed",
              "speed": "fast",
              "pass": true,
              "fail": false,
              "pending": false,
              "context": null,
              "code": "cy.get(el.value2Field).scrollIntoView().fill(6);",
              "err": {},
              "uuid": "a2a56f3c-1fa0-4bfc-9754-57c5f8019181",
              "parentUUID": "70b1091d-5e83-4af8-b0d3-3d11abf2da8f",
              "isHook": false,
              "skipped": false
            },
            {
              "title": "User can  CLICK ON GET TOTAL buttond",
              "fullTitle": "Automating Selenium Demo Site User can  CLICK ON GET TOTAL buttond",
              "timedOut": null,
              "duration": 110,
              "state": "passed",
              "speed": "fast",
              "pass": true,
              "fail": false,
              "pending": false,
              "context": null,
              "code": "cy.get(el.getTotalButton).click();",
              "err": {},
              "uuid": "20520a72-4750-4470-bedd-14f97c0ff7f6",
              "parentUUID": "70b1091d-5e83-4af8-b0d3-3d11abf2da8f",
              "isHook": false,
              "skipped": false
            }
          ],
          "suites": [],
          "passes": [
            "5aecc40e-6297-45e9-a54c-3dd557680501",
            "428a66b0-1c08-458f-9e53-a40cb8e0b081",
            "83181fd0-b4be-4b80-9407-0991959757a4",
            "a831e04b-2768-43ee-a22f-5b27c1fca2e1",
            "1f3f8020-f21e-4f20-94d8-7480f6f2078e",
            "db3de69a-2dbd-4abb-8e4e-e6e52d210d49",
            "a2a56f3c-1fa0-4bfc-9754-57c5f8019181",
            "20520a72-4750-4470-bedd-14f97c0ff7f6"
          ],
          "failures": [],
          "pending": [],
          "skipped": [],
          "duration": 81583,
          "root": false,
          "rootEmpty": false,
          "_timeout": 2000
        },
        {
          "uuid": "6b14ab01-dd68-4b5a-8ac4-cafdd009c2c1",
          "title": "creating custom login commands",
          "fullFile": "",
          "file": "",
          "beforeHooks": [],
          "afterHooks": [],
          "tests": [
            {
              "title": "if user can login successfully",
              "fullTitle": "creating custom login commands if user can login successfully",
              "timedOut": null,
              "duration": 0,
              "state": "pending",
              "speed": null,
              "pass": false,
              "fail": false,
              "pending": true,
              "context": null,
              "code": "//  cy.login()  //login 1el.\ncy.login2(el.username, el.password);",
              "err": {},
              "uuid": "3197d97e-5168-4dba-a59b-51f190b0fde5",
              "parentUUID": "6b14ab01-dd68-4b5a-8ac4-cafdd009c2c1",
              "isHook": false,
              "skipped": false
            },
            {
              "title": "user can login using reusable functions",
              "fullTitle": "creating custom login commands user can login using reusable functions",
              "timedOut": null,
              "duration": 105,
              "state": "passed",
              "speed": "fast",
              "pass": true,
              "fail": false,
              "pending": false,
              "context": null,
              "code": "cy.tyAssert(\"command\", el.usernameField, el.username);\ncy.tyAssert(\"command\", el.passwordField, el.password).fill;\ncy.pressDown(\"command\", el.loginButton);",
              "err": {},
              "uuid": "45407011-df8c-4d20-93ad-2fc7198882ba",
              "parentUUID": "6b14ab01-dd68-4b5a-8ac4-cafdd009c2c1",
              "isHook": false,
              "skipped": false
            }
          ],
          "suites": [],
          "passes": [
            "45407011-df8c-4d20-93ad-2fc7198882ba"
          ],
          "failures": [],
          "pending": [
            "3197d97e-5168-4dba-a59b-51f190b0fde5"
          ],
          "skipped": [],
          "duration": 105,
          "root": false,
          "rootEmpty": false,
          "_timeout": 2000
        },
        {
          "uuid": "0a2bc34e-0e56-4f73-98b4-8779954f8bb2",
          "title": "Upload Dcoumnet",
          "fullFile": "",
          "file": "",
          "beforeHooks": [],
          "afterHooks": [],
          "tests": [
            {
              "title": "user can upload document",
              "fullTitle": "Upload Dcoumnet user can upload document",
              "timedOut": null,
              "duration": 8993,
              "state": "passed",
              "speed": "medium",
              "pass": true,
              "fail": false,
              "pending": false,
              "context": null,
              "code": "//   cy.get(el.chooseFileButton).attachFile(\"testify.png\") ///uplaod method\ncy.xpath(\"/html/body/div[2]/div/div[1]/form/input[1]\"); ///uplaod method\ncy.get(el.uploadButton).click();",
              "err": {},
              "uuid": "e79d8dfe-62cf-4baa-9cae-d4a935459094",
              "parentUUID": "0a2bc34e-0e56-4f73-98b4-8779954f8bb2",
              "isHook": false,
              "skipped": false
            }
          ],
          "suites": [],
          "passes": [
            "e79d8dfe-62cf-4baa-9cae-d4a935459094"
          ],
          "failures": [],
          "pending": [],
          "skipped": [],
          "duration": 8993,
          "root": false,
          "rootEmpty": false,
          "_timeout": 2000
        }
      ],
      "passes": [],
      "failures": [],
      "pending": [],
      "skipped": [],
      "duration": 0,
      "root": true,
      "rootEmpty": true,
      "_timeout": 2000
    }
  ],
  "meta": {
    "mocha": {
      "version": "7.0.1"
    },
    "mochawesome": {
      "options": {
        "quiet": false,
        "reportFilename": "mochawesome",
        "saveHtml": true,
        "saveJson": true,
        "consoleReporter": "spec",
        "useInlineDiffs": false,
        "code": true
      },
      "version": "7.1.3"
    },
    "marge": {
      "options": null,
      "version": "6.2.0"
    }
  }
}